[debug] [2018-04-12T06:45:26.638Z] ----------------------------------------------------------------------
[debug] [2018-04-12T06:45:26.641Z] Command:       /usr/local/bin/node /usr/local/bin/firebase deploy
[debug] [2018-04-12T06:45:26.642Z] CLI Version:   3.18.2
[debug] [2018-04-12T06:45:26.642Z] Platform:      darwin
[debug] [2018-04-12T06:45:26.642Z] Node Version:  v6.11.0
[debug] [2018-04-12T06:45:26.642Z] Time:          Wed Apr 11 2018 23:45:26 GMT-0700 (PDT)
[debug] [2018-04-12T06:45:26.642Z] ----------------------------------------------------------------------
[debug]
[debug] [2018-04-12T06:45:26.658Z] > command requires scopes: ["email","openid","https://www.googleapis.com/auth/cloudplatformprojects.readonly","https://www.googleapis.com/auth/firebase","https://www.googleapis.com/auth/cloud-platform"]
[debug] [2018-04-12T06:45:26.658Z] > authorizing via signed-in user
[debug] [2018-04-12T06:45:26.662Z] >>> HTTP REQUEST GET https://admin.firebase.com/v1/projects/nuwav-e65f2

 Wed Apr 11 2018 23:45:26 GMT-0700 (PDT)
[debug] [2018-04-12T06:45:27.309Z] <<< HTTP RESPONSE 200
[debug] [2018-04-12T06:45:27.311Z] >>> HTTP REQUEST GET https://admin.firebase.com/v1/database/nuwav-e65f2/tokens

 Wed Apr 11 2018 23:45:27 GMT-0700 (PDT)
[debug] [2018-04-12T06:45:27.887Z] <<< HTTP RESPONSE 200
[info]
[info] === Deploying to 'nuwav-e65f2'...
[info]
[info] i  deploying database
[debug] [2018-04-12T06:45:28.663Z] TypeError: rulesConfig.forEach is not a function
    at module.exports (/usr/local/lib/node_modules/firebase-tools/lib/deploy/database/prepare.js:30:15)
    at _chain (/usr/local/lib/node_modules/firebase-tools/lib/deploy/index.js:23:45)
    at /usr/local/lib/node_modules/firebase-tools/lib/deploy/index.js:77:12
    at tryCatch (/usr/local/lib/node_modules/firebase-tools/node_modules/rsvp/dist/rsvp.js:525:12)
    at invokeCallback (/usr/local/lib/node_modules/firebase-tools/node_modules/rsvp/dist/rsvp.js:538:13)
    at /usr/local/lib/node_modules/firebase-tools/node_modules/rsvp/dist/rsvp.js:606:14
    at flush (/usr/local/lib/node_modules/firebase-tools/node_modules/rsvp/dist/rsvp.js:2415:5)
    at _combinedTickCallback (internal/process/next_tick.js:73:7)
    at process._tickDomainCallback (internal/process/next_tick.js:128:9)
[error]
[error] Error: An unexpected error has occurred.
[debug] [2018-04-12T06:46:01.833Z] ----------------------------------------------------------------------
[debug] [2018-04-12T06:46:01.840Z] Command:       /usr/local/bin/node /usr/local/bin/firebase deploy
[debug] [2018-04-12T06:46:01.840Z] CLI Version:   3.18.2
[debug] [2018-04-12T06:46:01.840Z] Platform:      darwin
[debug] [2018-04-12T06:46:01.841Z] Node Version:  v6.11.0
[debug] [2018-04-12T06:46:01.841Z] Time:          Wed Apr 11 2018 23:46:01 GMT-0700 (PDT)
[debug] [2018-04-12T06:46:01.841Z] ----------------------------------------------------------------------
[debug]
[debug] [2018-04-12T06:46:01.856Z] > command requires scopes: ["email","openid","https://www.googleapis.com/auth/cloudplatformprojects.readonly","https://www.googleapis.com/auth/firebase","https://www.googleapis.com/auth/cloud-platform"]
[debug] [2018-04-12T06:46:01.857Z] > authorizing via signed-in user
[debug] [2018-04-12T06:46:01.859Z] >>> HTTP REQUEST GET https://admin.firebase.com/v1/projects/nuwav-e65f2

 Wed Apr 11 2018 23:46:01 GMT-0700 (PDT)
[debug] [2018-04-12T06:46:02.314Z] <<< HTTP RESPONSE 200
[debug] [2018-04-12T06:46:02.315Z] >>> HTTP REQUEST GET https://admin.firebase.com/v1/database/nuwav-e65f2/tokens

 Wed Apr 11 2018 23:46:02 GMT-0700 (PDT)
[debug] [2018-04-12T06:46:03.787Z] <<< HTTP RESPONSE 200
[info]
[info] === Deploying to 'nuwav-e65f2'...
[info]
[info] i  deploying database
[debug] [2018-04-12T06:46:04.240Z] TypeError: rulesConfig.forEach is not a function
    at module.exports (/usr/local/lib/node_modules/firebase-tools/lib/deploy/database/prepare.js:30:15)
    at _chain (/usr/local/lib/node_modules/firebase-tools/lib/deploy/index.js:23:45)
    at /usr/local/lib/node_modules/firebase-tools/lib/deploy/index.js:77:12
    at tryCatch (/usr/local/lib/node_modules/firebase-tools/node_modules/rsvp/dist/rsvp.js:525:12)
    at invokeCallback (/usr/local/lib/node_modules/firebase-tools/node_modules/rsvp/dist/rsvp.js:538:13)
    at /usr/local/lib/node_modules/firebase-tools/node_modules/rsvp/dist/rsvp.js:606:14
    at flush (/usr/local/lib/node_modules/firebase-tools/node_modules/rsvp/dist/rsvp.js:2415:5)
    at _combinedTickCallback (internal/process/next_tick.js:73:7)
    at process._tickDomainCallback (internal/process/next_tick.js:128:9)
[error]
[error] Error: An unexpected error has occurred.
[debug] [2018-04-12T06:46:36.486Z] ----------------------------------------------------------------------
[debug] [2018-04-12T06:46:36.488Z] Command:       /usr/local/bin/node /usr/local/bin/firebase deploy
[debug] [2018-04-12T06:46:36.489Z] CLI Version:   3.18.2
[debug] [2018-04-12T06:46:36.489Z] Platform:      darwin
[debug] [2018-04-12T06:46:36.489Z] Node Version:  v6.11.0
[debug] [2018-04-12T06:46:36.489Z] Time:          Wed Apr 11 2018 23:46:36 GMT-0700 (PDT)
[debug] [2018-04-12T06:46:36.489Z] ----------------------------------------------------------------------
[debug]
[debug] [2018-04-12T06:46:36.503Z] > command requires scopes: ["email","openid","https://www.googleapis.com/auth/cloudplatformprojects.readonly","https://www.googleapis.com/auth/firebase","https://www.googleapis.com/auth/cloud-platform"]
[debug] [2018-04-12T06:46:36.503Z] > authorizing via signed-in user
[debug] [2018-04-12T06:46:36.506Z] >>> HTTP REQUEST GET https://admin.firebase.com/v1/projects/nuwav-e65f2

 Wed Apr 11 2018 23:46:36 GMT-0700 (PDT)
[debug] [2018-04-12T06:46:37.546Z] <<< HTTP RESPONSE 200
[debug] [2018-04-12T06:46:37.547Z] >>> HTTP REQUEST GET https://admin.firebase.com/v1/database/nuwav-e65f2/tokens

 Wed Apr 11 2018 23:46:37 GMT-0700 (PDT)
[debug] [2018-04-12T06:46:37.966Z] <<< HTTP RESPONSE 200
[info]
[info] === Deploying to 'nuwav-e65f2'...
[info]
[info] i  deploying database, hosting
[info] i  database: checking rules syntax...
[debug] [2018-04-12T06:46:38.366Z] >>> HTTP REQUEST PUT https://nuwav-e65f2.firebaseio.com/.settings/rules.json?dryRun=true
 {
  "rules": {
    ".read": true,
    ".write": true
  }
}

 Wed Apr 11 2018 23:46:38 GMT-0700 (PDT)
[debug] [2018-04-12T06:46:38.723Z] <<< HTTP RESPONSE 200
[info] ✔  database: rules syntax for database nuwav-e65f2 is valid
[info] i  hosting: preparing dist directory for upload...
[debug] [2018-04-12T06:46:41.965Z] >>> HTTP REQUEST PUT https://deploy.firebase.com/v1/hosting/nuwav-e65f2/uploads/-L9samSZn30ALz_FtYhL?fileCount=57&message=

 Wed Apr 11 2018 23:46:41 GMT-0700 (PDT)
[debug] [2018-04-12T06:48:52.140Z] <<< HTTP RESPONSE 200
[debug] [2018-04-12T06:48:52.144Z] [hosting] .tgz uploaded successfully, waiting for extraction
[info] ✔  hosting: 57 files uploaded successfully
[info] i  database: releasing rules...
[debug] [2018-04-12T06:48:53.207Z] >>> HTTP REQUEST PUT https://nuwav-e65f2.firebaseio.com/.settings/rules.json
 {
  "rules": {
    ".read": true,
    ".write": true
  }
}

 Wed Apr 11 2018 23:48:53 GMT-0700 (PDT)
[debug] [2018-04-12T06:48:53.570Z] <<< HTTP RESPONSE 200
[info] ✔  database: rules for database nuwav-e65f2 released successfully
[debug] [2018-04-12T06:48:53.572Z] >>> HTTP REQUEST POST https://deploy.firebase.com/v1/projects/nuwav-e65f2/releases
 { hosting:
   { public: 'dist',
     version: '-L9samSZn30ALz_FtYhL',
     prefix: '-L9samSZn30ALz_FtYhL/',
     manifest: [] } }
 Wed Apr 11 2018 23:48:53 GMT-0700 (PDT)
